<?xml version="1.0" encoding="UTF-8"?>
<testng-results ignored="0" total="2" passed="2" failed="0" skipped="0">
  <reporter-output>
  </reporter-output>
  <suite started-at="2023-06-24T14:07:47 IST" name="Default suite" finished-at="2023-06-24T14:08:41 IST" duration-ms="54159">
    <groups>
    </groups>
    <test started-at="2023-06-24T14:07:47 IST" name="Default test" finished-at="2023-06-24T14:08:41 IST" duration-ms="54159">
      <class name="test.VerifyRegister">
        <test-method is-config="true" signature="ExtentReport()[pri:0, instance:test.VerifyRegister@14cd1699]" started-at="2023-06-24T14:07:47 IST" name="ExtentReport" finished-at="2023-06-24T14:07:49 IST" duration-ms="1488" status="PASS">
          <reporter-output>
          </reporter-output>
        </test-method> <!-- ExtentReport -->
        <test-method is-config="true" signature="launchBrowser()[pri:0, instance:test.VerifyRegister@14cd1699]" started-at="2023-06-24T14:07:49 IST" name="launchBrowser" finished-at="2023-06-24T14:08:18 IST" duration-ms="29372" status="PASS">
          <reporter-output>
          </reporter-output>
        </test-method> <!-- launchBrowser -->
        <test-method signature="Register()[pri:0, instance:test.VerifyRegister@14cd1699]" started-at="2023-06-24T14:08:18 IST" name="Register" finished-at="2023-06-24T14:08:23 IST" duration-ms="4604" status="PASS">
          <reporter-output>
          </reporter-output>
        </test-method> <!-- Register -->
        <test-method is-config="true" signature="launchBrowser()[pri:0, instance:test.VerifyRegister@14cd1699]" started-at="2023-06-24T14:08:23 IST" name="launchBrowser" finished-at="2023-06-24T14:08:32 IST" duration-ms="9411" status="PASS">
          <reporter-output>
          </reporter-output>
        </test-method> <!-- launchBrowser -->
        <test-method signature="InvalidR1()[pri:1, instance:test.VerifyRegister@14cd1699]" started-at="2023-06-24T14:08:32 IST" name="InvalidR1" finished-at="2023-06-24T14:08:38 IST" duration-ms="6310" status="PASS">
          <reporter-output>
          </reporter-output>
        </test-method> <!-- InvalidR1 -->
        <test-method is-config="true" signature="endReport()[pri:0, instance:test.VerifyRegister@14cd1699]" started-at="2023-06-24T14:08:38 IST" name="endReport" finished-at="2023-06-24T14:08:41 IST" duration-ms="2788" status="PASS">
          <reporter-output>
          </reporter-output>
        </test-method> <!-- endReport -->
      </class> <!-- test.VerifyRegister -->
    </test> <!-- Default test -->
  </suite> <!-- Default suite -->
</testng-results>
